Storage: file=.\setup\\initialState_nominalLevelGround_WithMusc.sto (nr=1 nc=185)
Storage: file=C:\Users\EACE-Precision-1\Google Drive\WORK\PROJECTS\AnkleSprains\code\git\anklesprain\setup\initialState_nominalLevelGround_WithMusc.sto (nr=1 nc=185)
Storage: file=C:\Users\EACE-Precision-1\Google Drive\WORK\PROJECTS\AnkleSprains\code\git\anklesprain\setup\initialState_nominalLevelGround_WithMusc.sto (nr=1 nc=185)
Loaded model DeMers_Nominal from file C:\Users\EACE-Precision-1\Google Drive\WORK\PROJECTS\AnkleSprains\code\git\anklesprain\setup\DeMers_nominal_coact_reflex_brace_v2.osim
Storage: file=C:\Users\EACE-Precision-1\Google Drive\WORK\PROJECTS\AnkleSprains\code\git\anklesprain\setup\initialState_nominalLevelGround_WithMusc.sto (nr=1 nc=185)
Loaded model DeMers_Nominal from file C:\Users\EACE-Precision-1\Google Drive\WORK\PROJECTS\AnkleSprains\code\git\anklesprain\setup\DeMers_nominal_coact_reflex_brace_v2.osim
Storage: file=C:\Users\EACE-Precision-1\Google Drive\WORK\PROJECTS\AnkleSprains\code\git\anklesprain\setup\initialState_nominalLevelGround_WithMusc.sto (nr=1 nc=185)
Loaded model DeMers_Nominal from file C:\Users\EACE-Precision-1\Google Drive\WORK\PROJECTS\AnkleSprains\code\git\anklesprain\setup\DeMers_nominal_coact_reflex_brace_v2.osim
Running tool osim.
No external loads will be applied (external loads file not specified).

Loading states from file C:\Users\EACE-Precision-1\Google Drive\WORK\PROJECTS\AnkleSprains\code\git\anklesprain\osim_output\osim_initialState.sto.
Storage: file=C:\Users\EACE-Precision-1\Google Drive\WORK\PROJECTS\AnkleSprains\code\git\anklesprain\osim_output\osim_initialState.sto (nr=1 nc=185)
Found 1 state vectors with time stamps ranging
from 0 to 0.
MODEL: DeMers_Nominal

ANALYSES (5)
analysis[0] = ForceReporter
analysis[1] = Kinematics
analysis[2] = Actuation
analysis[3] = JointReaction
analysis[4] = BodyKinematics

BODIES (24)
body[0] = ground (mass: 0) (inertia: 0 0 0 0 0 0 0 0 0)
body[1] = platform (mass: 0.896227) (inertia: 0.896227 0 0 0 0.896227 0 0 0 0.896227)
body[2] = pelvis (mass: 10.5549) (inertia: 0.0902723 0 0 0 0.0764856 0 0 0 0.050844)
body[3] = femur_r (mass: 8.33616) (inertia: 0.14316 0 0 0 0.0375274 0 0 0 0.150965)
body[4] = tibia_r (mass: 3.32276) (inertia: 0.0527534 0 0 0 0.00533814 0 0 0 0.053486)
body[5] = patella_r (mass: 0.0896227) (inertia: 0.00106916 0 0 0 0.00106916 0 0 0 0.00106916)
body[6] = talus_r (mass: 0.0896227) (inertia: 0.000981683 0 0 0 0.000981683 0 0 0 0.000981683)
body[7] = calcn_r (mass: 1.12028) (inertia: 0.00137436 0 0 0 0.00382856 0 0 0 0.0040249)
body[8] = toes_r (mass: 0.194123) (inertia: 9.81683e-005 0 0 0 0.000196337 0 0 0 0.000981683)
body[9] = femur_l (mass: 8.33616) (inertia: 0.144414 0 0 0 0.037856 0 0 0 0.152287)
body[10] = tibia_l (mass: 3.32276) (inertia: 0.0522518 0 0 0 0.00528739 0 0 0 0.0529775)
body[11] = patella_l (mass: 0.0896227) (inertia: 0.00107852 0 0 0 0.00107852 0 0 0 0.00107852)
body[12] = talus_l (mass: 0.0896227) (inertia: 0.000903024 0 0 0 0.000903024 0 0 0 0.000903024)
body[13] = calcn_l (mass: 1.12028) (inertia: 0.00126423 0 0 0 0.00352179 0 0 0 0.0037024)
body[14] = toes_l (mass: 0.194123) (inertia: 9.03024e-005 0 0 0 0.000180605 0 0 0 0.000903024)
body[15] = torso (mass: 24.0427) (inertia: 1.37969 0 0 0 0.710318 0 0 0 1.37969)
body[16] = humerus_r (mass: 1.82158) (inertia: 0.0127722 0 0 0 0.004406 0 0 0 0.0143363)
body[17] = ulna_r (mass: 0.544458) (inertia: 0.00316685 0 0 0 0.00066074 0 0 0 0.0034352)
body[18] = radius_r (mass: 0.544458) (inertia: 0.00316685 0 0 0 0.00066074 0 0 0 0.0034352)
body[19] = hand_r (mass: 0.410024) (inertia: 0.000953689 0 0 0 0.000584829 0 0 0 0.00143267)
body[20] = humerus_l (mass: 1.82158) (inertia: 0.012884 0 0 0 0.00444458 0 0 0 0.0144619)
body[21] = ulna_l (mass: 0.544458) (inertia: 0.00319457 0 0 0 0.000666525 0 0 0 0.00346528)
body[22] = radius_l (mass: 0.544458) (inertia: 0.00319457 0 0 0 0.000666525 0 0 0 0.00346528)
body[23] = hand_l (mass: 0.410024) (inertia: 0.000962039 0 0 0 0.00058995 0 0 0 0.00144522)

ACTUATORS (49)
actuator[0] = glut_med1_r
actuator[1] = glut_med2_r
actuator[2] = glut_med3_r
actuator[3] = glut_min1_r
actuator[4] = glut_min2_r
actuator[5] = glut_min3_r
actuator[6] = semimem_r
actuator[7] = semiten_r
actuator[8] = bifemlh_r
actuator[9] = bifemsh_r
actuator[10] = sar_r
actuator[11] = add_long_r
actuator[12] = add_brev_r
actuator[13] = add_mag1_r
actuator[14] = add_mag2_r
actuator[15] = add_mag3_r
actuator[16] = tfl_r
actuator[17] = pect_r
actuator[18] = grac_r
actuator[19] = glut_max1_r
actuator[20] = glut_max2_r
actuator[21] = glut_max3_r
actuator[22] = iliacus_r
actuator[23] = psoas_r
actuator[24] = quad_fem_r
actuator[25] = gem_r
actuator[26] = peri_r
actuator[27] = rect_fem_r
actuator[28] = vas_med_r
actuator[29] = vas_int_r
actuator[30] = vas_lat_r
actuator[31] = med_gas_r
actuator[32] = lat_gas_r
actuator[33] = soleus_r
actuator[34] = tib_post_r
actuator[35] = flex_dig_r
actuator[36] = flex_hal_r
actuator[37] = tib_ant_r
actuator[38] = per_brev_r
actuator[39] = per_long_r
actuator[40] = per_tert_r
actuator[41] = ext_dig_r
actuator[42] = ext_hal_r
actuator[43] = ercspn_r
actuator[44] = ercspn_l
actuator[45] = intobl_r
actuator[46] = intobl_l
actuator[47] = extobl_r
actuator[48] = extobl_l
numStates = 185
numCoordinates = 43
numSpeeds = 43
numActuators = 49
numBodies = 24
numConstraints = 2
numProbes = 0

STATES (184)
y[0] = platform_rx
y[1] = platform_ry
y[2] = platform_rz
y[3] = platform_ty
y[4] = pelvis_tilt
y[5] = pelvis_list
y[6] = pelvis_rotation
y[7] = pelvis_tx
y[8] = pelvis_ty
y[9] = pelvis_tz
y[10] = hip_flexion_r
y[11] = hip_adduction_r
y[12] = hip_rotation_r
y[13] = knee_angle_r
y[14] = patella_r_constrained_knee_angle
y[15] = ankle_angle_r
y[16] = subtalar_angle_r
y[17] = mtp_angle_r
y[18] = hip_flexion_l
y[19] = hip_adduction_l
y[20] = hip_rotation_l
y[21] = knee_angle_l
y[22] = patella_l_constrained_knee_angle
y[23] = ankle_angle_l
y[24] = subtalar_angle_l
y[25] = mtp_angle_l
y[26] = lumbar_extension
y[27] = lumbar_bending
y[28] = lumbar_rotation
y[29] = arm_flex_r
y[30] = arm_add_r
y[31] = arm_rot_r
y[32] = elbow_flex_r
y[33] = pro_sup_r
y[34] = wrist_flex_r
y[35] = wrist_dev_r
y[36] = arm_flex_l
y[37] = arm_add_l
y[38] = arm_rot_l
y[39] = elbow_flex_l
y[40] = pro_sup_l
y[41] = wrist_flex_l
y[42] = wrist_dev_l
y[43] = platform_rx_u
y[44] = platform_ry_u
y[45] = platform_rz_u
y[46] = platform_ty_u
y[47] = pelvis_tilt_u
y[48] = pelvis_list_u
y[49] = pelvis_rotation_u
y[50] = pelvis_tx_u
y[51] = pelvis_ty_u
y[52] = pelvis_tz_u
y[53] = hip_flexion_r_u
y[54] = hip_adduction_r_u
y[55] = hip_rotation_r_u
y[56] = knee_angle_r_u
y[57] = patella_r_constrained_knee_angle_u
y[58] = ankle_angle_r_u
y[59] = subtalar_angle_r_u
y[60] = mtp_angle_r_u
y[61] = hip_flexion_l_u
y[62] = hip_adduction_l_u
y[63] = hip_rotation_l_u
y[64] = knee_angle_l_u
y[65] = patella_l_constrained_knee_angle_u
y[66] = ankle_angle_l_u
y[67] = subtalar_angle_l_u
y[68] = mtp_angle_l_u
y[69] = lumbar_extension_u
y[70] = lumbar_bending_u
y[71] = lumbar_rotation_u
y[72] = arm_flex_r_u
y[73] = arm_add_r_u
y[74] = arm_rot_r_u
y[75] = elbow_flex_r_u
y[76] = pro_sup_r_u
y[77] = wrist_flex_r_u
y[78] = wrist_dev_r_u
y[79] = arm_flex_l_u
y[80] = arm_add_l_u
y[81] = arm_rot_l_u
y[82] = elbow_flex_l_u
y[83] = pro_sup_l_u
y[84] = wrist_flex_l_u
y[85] = wrist_dev_l_u
y[86] = glut_med1_r.activation
y[87] = glut_med1_r.fiber_length
y[88] = glut_med2_r.activation
y[89] = glut_med2_r.fiber_length
y[90] = glut_med3_r.activation
y[91] = glut_med3_r.fiber_length
y[92] = glut_min1_r.activation
y[93] = glut_min1_r.fiber_length
y[94] = glut_min2_r.activation
y[95] = glut_min2_r.fiber_length
y[96] = glut_min3_r.activation
y[97] = glut_min3_r.fiber_length
y[98] = semimem_r.activation
y[99] = semimem_r.fiber_length
y[100] = semiten_r.activation
y[101] = semiten_r.fiber_length
y[102] = bifemlh_r.activation
y[103] = bifemlh_r.fiber_length
y[104] = bifemsh_r.activation
y[105] = bifemsh_r.fiber_length
y[106] = sar_r.activation
y[107] = sar_r.fiber_length
y[108] = add_long_r.activation
y[109] = add_long_r.fiber_length
y[110] = add_brev_r.activation
y[111] = add_brev_r.fiber_length
y[112] = add_mag1_r.activation
y[113] = add_mag1_r.fiber_length
y[114] = add_mag2_r.activation
y[115] = add_mag2_r.fiber_length
y[116] = add_mag3_r.activation
y[117] = add_mag3_r.fiber_length
y[118] = tfl_r.activation
y[119] = tfl_r.fiber_length
y[120] = pect_r.activation
y[121] = pect_r.fiber_length
y[122] = grac_r.activation
y[123] = grac_r.fiber_length
y[124] = glut_max1_r.activation
y[125] = glut_max1_r.fiber_length
y[126] = glut_max2_r.activation
y[127] = glut_max2_r.fiber_length
y[128] = glut_max3_r.activation
y[129] = glut_max3_r.fiber_length
y[130] = iliacus_r.activation
y[131] = iliacus_r.fiber_length
y[132] = psoas_r.activation
y[133] = psoas_r.fiber_length
y[134] = quad_fem_r.activation
y[135] = quad_fem_r.fiber_length
y[136] = gem_r.activation
y[137] = gem_r.fiber_length
y[138] = peri_r.activation
y[139] = peri_r.fiber_length
y[140] = rect_fem_r.activation
y[141] = rect_fem_r.fiber_length
y[142] = vas_med_r.activation
y[143] = vas_med_r.fiber_length
y[144] = vas_int_r.activation
y[145] = vas_int_r.fiber_length
y[146] = vas_lat_r.activation
y[147] = vas_lat_r.fiber_length
y[148] = med_gas_r.activation
y[149] = med_gas_r.fiber_length
y[150] = lat_gas_r.activation
y[151] = lat_gas_r.fiber_length
y[152] = soleus_r.activation
y[153] = soleus_r.fiber_length
y[154] = tib_post_r.activation
y[155] = tib_post_r.fiber_length
y[156] = flex_dig_r.activation
y[157] = flex_dig_r.fiber_length
y[158] = flex_hal_r.activation
y[159] = flex_hal_r.fiber_length
y[160] = tib_ant_r.activation
y[161] = tib_ant_r.fiber_length
y[162] = per_brev_r.activation
y[163] = per_brev_r.fiber_length
y[164] = per_long_r.activation
y[165] = per_long_r.fiber_length
y[166] = per_tert_r.activation
y[167] = per_tert_r.fiber_length
y[168] = ext_dig_r.activation
y[169] = ext_dig_r.fiber_length
y[170] = ext_hal_r.activation
y[171] = ext_hal_r.fiber_length
y[172] = ercspn_r.activation
y[173] = ercspn_r.fiber_length
y[174] = ercspn_l.activation
y[175] = ercspn_l.fiber_length
y[176] = intobl_r.activation
y[177] = intobl_r.fiber_length
y[178] = intobl_l.activation
y[179] = intobl_l.fiber_length
y[180] = extobl_r.activation
y[181] = extobl_r.fiber_length
y[182] = extobl_l.activation
y[183] = extobl_l.fiber_length


Integrating from 0 to 0.15
Printing results of investigation osim to C:\Users\EACE-Precision-1\Google Drive\WORK\PROJECTS\AnkleSprains\code\git\anklesprain\osim_output.
Storage: file=C:\Users\EACE-Precision-1\Google Drive\WORK\PROJECTS\AnkleSprains\code\git\anklesprain\setup\initialState_nominalLevelGround_WithMusc.sto (nr=1 nc=185)
Loaded model DeMers_Nominal from file C:\Users\EACE-Precision-1\Google Drive\WORK\PROJECTS\AnkleSprains\code\git\anklesprain\setup\DeMers_nominal_coact_reflex_brace_v2.osim
Running tool osim.
No external loads will be applied (external loads file not specified).

Loading states from file C:\Users\EACE-Precision-1\Google Drive\WORK\PROJECTS\AnkleSprains\code\git\anklesprain\osim_output\osim_initialState.sto.
Storage: file=C:\Users\EACE-Precision-1\Google Drive\WORK\PROJECTS\AnkleSprains\code\git\anklesprain\osim_output\osim_initialState.sto (nr=1 nc=185)
Found 1 state vectors with time stamps ranging
from 0 to 0.
MODEL: DeMers_Nominal

ANALYSES (5)
analysis[0] = ForceReporter
analysis[1] = Kinematics
analysis[2] = Actuation
analysis[3] = JointReaction
analysis[4] = BodyKinematics

BODIES (24)
body[0] = ground (mass: 0) (inertia: 0 0 0 0 0 0 0 0 0)
body[1] = platform (mass: 0.896227) (inertia: 0.896227 0 0 0 0.896227 0 0 0 0.896227)
body[2] = pelvis (mass: 10.5549) (inertia: 0.0902723 0 0 0 0.0764856 0 0 0 0.050844)
body[3] = femur_r (mass: 8.33616) (inertia: 0.14316 0 0 0 0.0375274 0 0 0 0.150965)
body[4] = tibia_r (mass: 3.32276) (inertia: 0.0527534 0 0 0 0.00533814 0 0 0 0.053486)
body[5] = patella_r (mass: 0.0896227) (inertia: 0.00106916 0 0 0 0.00106916 0 0 0 0.00106916)
body[6] = talus_r (mass: 0.0896227) (inertia: 0.000981683 0 0 0 0.000981683 0 0 0 0.000981683)
body[7] = calcn_r (mass: 1.12028) (inertia: 0.00137436 0 0 0 0.00382856 0 0 0 0.0040249)
body[8] = toes_r (mass: 0.194123) (inertia: 9.81683e-005 0 0 0 0.000196337 0 0 0 0.000981683)
body[9] = femur_l (mass: 8.33616) (inertia: 0.144414 0 0 0 0.037856 0 0 0 0.152287)
body[10] = tibia_l (mass: 3.32276) (inertia: 0.0522518 0 0 0 0.00528739 0 0 0 0.0529775)
body[11] = patella_l (mass: 0.0896227) (inertia: 0.00107852 0 0 0 0.00107852 0 0 0 0.00107852)
body[12] = talus_l (mass: 0.0896227) (inertia: 0.000903024 0 0 0 0.000903024 0 0 0 0.000903024)
body[13] = calcn_l (mass: 1.12028) (inertia: 0.00126423 0 0 0 0.00352179 0 0 0 0.0037024)
body[14] = toes_l (mass: 0.194123) (inertia: 9.03024e-005 0 0 0 0.000180605 0 0 0 0.000903024)
body[15] = torso (mass: 24.0427) (inertia: 1.37969 0 0 0 0.710318 0 0 0 1.37969)
body[16] = humerus_r (mass: 1.82158) (inertia: 0.0127722 0 0 0 0.004406 0 0 0 0.0143363)
body[17] = ulna_r (mass: 0.544458) (inertia: 0.00316685 0 0 0 0.00066074 0 0 0 0.0034352)
body[18] = radius_r (mass: 0.544458) (inertia: 0.00316685 0 0 0 0.00066074 0 0 0 0.0034352)
body[19] = hand_r (mass: 0.410024) (inertia: 0.000953689 0 0 0 0.000584829 0 0 0 0.00143267)
body[20] = humerus_l (mass: 1.82158) (inertia: 0.012884 0 0 0 0.00444458 0 0 0 0.0144619)
body[21] = ulna_l (mass: 0.544458) (inertia: 0.00319457 0 0 0 0.000666525 0 0 0 0.00346528)
body[22] = radius_l (mass: 0.544458) (inertia: 0.00319457 0 0 0 0.000666525 0 0 0 0.00346528)
body[23] = hand_l (mass: 0.410024) (inertia: 0.000962039 0 0 0 0.00058995 0 0 0 0.00144522)

ACTUATORS (49)
actuator[0] = glut_med1_r
actuator[1] = glut_med2_r
actuator[2] = glut_med3_r
actuator[3] = glut_min1_r
actuator[4] = glut_min2_r
actuator[5] = glut_min3_r
actuator[6] = semimem_r
actuator[7] = semiten_r
actuator[8] = bifemlh_r
actuator[9] = bifemsh_r
actuator[10] = sar_r
actuator[11] = add_long_r
actuator[12] = add_brev_r
actuator[13] = add_mag1_r
actuator[14] = add_mag2_r
actuator[15] = add_mag3_r
actuator[16] = tfl_r
actuator[17] = pect_r
actuator[18] = grac_r
actuator[19] = glut_max1_r
actuator[20] = glut_max2_r
actuator[21] = glut_max3_r
actuator[22] = iliacus_r
actuator[23] = psoas_r
actuator[24] = quad_fem_r
actuator[25] = gem_r
actuator[26] = peri_r
actuator[27] = rect_fem_r
actuator[28] = vas_med_r
actuator[29] = vas_int_r
actuator[30] = vas_lat_r
actuator[31] = med_gas_r
actuator[32] = lat_gas_r
actuator[33] = soleus_r
actuator[34] = tib_post_r
actuator[35] = flex_dig_r
actuator[36] = flex_hal_r
actuator[37] = tib_ant_r
actuator[38] = per_brev_r
actuator[39] = per_long_r
actuator[40] = per_tert_r
actuator[41] = ext_dig_r
actuator[42] = ext_hal_r
actuator[43] = ercspn_r
actuator[44] = ercspn_l
actuator[45] = intobl_r
actuator[46] = intobl_l
actuator[47] = extobl_r
actuator[48] = extobl_l
numStates = 185
numCoordinates = 43
numSpeeds = 43
numActuators = 49
numBodies = 24
numConstraints = 2
numProbes = 0

STATES (184)
y[0] = platform_rx
y[1] = platform_ry
y[2] = platform_rz
y[3] = platform_ty
y[4] = pelvis_tilt
y[5] = pelvis_list
y[6] = pelvis_rotation
y[7] = pelvis_tx
y[8] = pelvis_ty
y[9] = pelvis_tz
y[10] = hip_flexion_r
y[11] = hip_adduction_r
y[12] = hip_rotation_r
y[13] = knee_angle_r
y[14] = patella_r_constrained_knee_angle
y[15] = ankle_angle_r
y[16] = subtalar_angle_r
y[17] = mtp_angle_r
y[18] = hip_flexion_l
y[19] = hip_adduction_l
y[20] = hip_rotation_l
y[21] = knee_angle_l
y[22] = patella_l_constrained_knee_angle
y[23] = ankle_angle_l
y[24] = subtalar_angle_l
y[25] = mtp_angle_l
y[26] = lumbar_extension
y[27] = lumbar_bending
y[28] = lumbar_rotation
y[29] = arm_flex_r
y[30] = arm_add_r
y[31] = arm_rot_r
y[32] = elbow_flex_r
y[33] = pro_sup_r
y[34] = wrist_flex_r
y[35] = wrist_dev_r
y[36] = arm_flex_l
y[37] = arm_add_l
y[38] = arm_rot_l
y[39] = elbow_flex_l
y[40] = pro_sup_l
y[41] = wrist_flex_l
y[42] = wrist_dev_l
y[43] = platform_rx_u
y[44] = platform_ry_u
y[45] = platform_rz_u
y[46] = platform_ty_u
y[47] = pelvis_tilt_u
y[48] = pelvis_list_u
y[49] = pelvis_rotation_u
y[50] = pelvis_tx_u
y[51] = pelvis_ty_u
y[52] = pelvis_tz_u
y[53] = hip_flexion_r_u
y[54] = hip_adduction_r_u
y[55] = hip_rotation_r_u
y[56] = knee_angle_r_u
y[57] = patella_r_constrained_knee_angle_u
y[58] = ankle_angle_r_u
y[59] = subtalar_angle_r_u
y[60] = mtp_angle_r_u
y[61] = hip_flexion_l_u
y[62] = hip_adduction_l_u
y[63] = hip_rotation_l_u
y[64] = knee_angle_l_u
y[65] = patella_l_constrained_knee_angle_u
y[66] = ankle_angle_l_u
y[67] = subtalar_angle_l_u
y[68] = mtp_angle_l_u
y[69] = lumbar_extension_u
y[70] = lumbar_bending_u
y[71] = lumbar_rotation_u
y[72] = arm_flex_r_u
y[73] = arm_add_r_u
y[74] = arm_rot_r_u
y[75] = elbow_flex_r_u
y[76] = pro_sup_r_u
y[77] = wrist_flex_r_u
y[78] = wrist_dev_r_u
y[79] = arm_flex_l_u
y[80] = arm_add_l_u
y[81] = arm_rot_l_u
y[82] = elbow_flex_l_u
y[83] = pro_sup_l_u
y[84] = wrist_flex_l_u
y[85] = wrist_dev_l_u
y[86] = glut_med1_r.activation
y[87] = glut_med1_r.fiber_length
y[88] = glut_med2_r.activation
y[89] = glut_med2_r.fiber_length
y[90] = glut_med3_r.activation
y[91] = glut_med3_r.fiber_length
y[92] = glut_min1_r.activation
y[93] = glut_min1_r.fiber_length
y[94] = glut_min2_r.activation
y[95] = glut_min2_r.fiber_length
y[96] = glut_min3_r.activation
y[97] = glut_min3_r.fiber_length
y[98] = semimem_r.activation
y[99] = semimem_r.fiber_length
y[100] = semiten_r.activation
y[101] = semiten_r.fiber_length
y[102] = bifemlh_r.activation
y[103] = bifemlh_r.fiber_length
y[104] = bifemsh_r.activation
y[105] = bifemsh_r.fiber_length
y[106] = sar_r.activation
y[107] = sar_r.fiber_length
y[108] = add_long_r.activation
y[109] = add_long_r.fiber_length
y[110] = add_brev_r.activation
y[111] = add_brev_r.fiber_length
y[112] = add_mag1_r.activation
y[113] = add_mag1_r.fiber_length
y[114] = add_mag2_r.activation
y[115] = add_mag2_r.fiber_length
y[116] = add_mag3_r.activation
y[117] = add_mag3_r.fiber_length
y[118] = tfl_r.activation
y[119] = tfl_r.fiber_length
y[120] = pect_r.activation
y[121] = pect_r.fiber_length
y[122] = grac_r.activation
y[123] = grac_r.fiber_length
y[124] = glut_max1_r.activation
y[125] = glut_max1_r.fiber_length
y[126] = glut_max2_r.activation
y[127] = glut_max2_r.fiber_length
y[128] = glut_max3_r.activation
y[129] = glut_max3_r.fiber_length
y[130] = iliacus_r.activation
y[131] = iliacus_r.fiber_length
y[132] = psoas_r.activation
y[133] = psoas_r.fiber_length
y[134] = quad_fem_r.activation
y[135] = quad_fem_r.fiber_length
y[136] = gem_r.activation
y[137] = gem_r.fiber_length
y[138] = peri_r.activation
y[139] = peri_r.fiber_length
y[140] = rect_fem_r.activation
y[141] = rect_fem_r.fiber_length
y[142] = vas_med_r.activation
y[143] = vas_med_r.fiber_length
y[144] = vas_int_r.activation
y[145] = vas_int_r.fiber_length
y[146] = vas_lat_r.activation
y[147] = vas_lat_r.fiber_length
y[148] = med_gas_r.activation
y[149] = med_gas_r.fiber_length
y[150] = lat_gas_r.activation
y[151] = lat_gas_r.fiber_length
y[152] = soleus_r.activation
y[153] = soleus_r.fiber_length
y[154] = tib_post_r.activation
y[155] = tib_post_r.fiber_length
y[156] = flex_dig_r.activation
y[157] = flex_dig_r.fiber_length
y[158] = flex_hal_r.activation
y[159] = flex_hal_r.fiber_length
y[160] = tib_ant_r.activation
y[161] = tib_ant_r.fiber_length
y[162] = per_brev_r.activation
y[163] = per_brev_r.fiber_length
y[164] = per_long_r.activation
y[165] = per_long_r.fiber_length
y[166] = per_tert_r.activation
y[167] = per_tert_r.fiber_length
y[168] = ext_dig_r.activation
y[169] = ext_dig_r.fiber_length
y[170] = ext_hal_r.activation
y[171] = ext_hal_r.fiber_length
y[172] = ercspn_r.activation
y[173] = ercspn_r.fiber_length
y[174] = ercspn_l.activation
y[175] = ercspn_l.fiber_length
y[176] = intobl_r.activation
y[177] = intobl_r.fiber_length
y[178] = intobl_l.activation
y[179] = intobl_l.fiber_length
y[180] = extobl_r.activation
y[181] = extobl_r.fiber_length
y[182] = extobl_l.activation
y[183] = extobl_l.fiber_length


Integrating from 0 to 0.15
Printing results of investigation osim to C:\Users\EACE-Precision-1\Google Drive\WORK\PROJECTS\AnkleSprains\code\git\anklesprain\osim_output.
Storage: file=C:\Users\EACE-Precision-1\Google Drive\WORK\PROJECTS\AnkleSprains\code\git\anklesprain\setup\initialState_nominalLevelGround_WithMusc.sto (nr=1 nc=185)
Loaded model DeMers_Nominal from file C:\Users\EACE-Precision-1\Google Drive\WORK\PROJECTS\AnkleSprains\code\git\anklesprain\setup\DeMers_nominal_coact_reflex_brace_v2.osim
Running tool osim.
No external loads will be applied (external loads file not specified).

Loading states from file C:\Users\EACE-Precision-1\Google Drive\WORK\PROJECTS\AnkleSprains\code\git\anklesprain\osim_output\osim_initialState.sto.
Storage: file=C:\Users\EACE-Precision-1\Google Drive\WORK\PROJECTS\AnkleSprains\code\git\anklesprain\osim_output\osim_initialState.sto (nr=1 nc=185)
Found 1 state vectors with time stamps ranging
from 0 to 0.
MODEL: DeMers_Nominal

ANALYSES (5)
analysis[0] = ForceReporter
analysis[1] = Kinematics
analysis[2] = Actuation
analysis[3] = JointReaction
analysis[4] = BodyKinematics

BODIES (24)
body[0] = ground (mass: 0) (inertia: 0 0 0 0 0 0 0 0 0)
body[1] = platform (mass: 0.896227) (inertia: 0.896227 0 0 0 0.896227 0 0 0 0.896227)
body[2] = pelvis (mass: 10.5549) (inertia: 0.0902723 0 0 0 0.0764856 0 0 0 0.050844)
body[3] = femur_r (mass: 8.33616) (inertia: 0.14316 0 0 0 0.0375274 0 0 0 0.150965)
body[4] = tibia_r (mass: 3.32276) (inertia: 0.0527534 0 0 0 0.00533814 0 0 0 0.053486)
body[5] = patella_r (mass: 0.0896227) (inertia: 0.00106916 0 0 0 0.00106916 0 0 0 0.00106916)
body[6] = talus_r (mass: 0.0896227) (inertia: 0.000981683 0 0 0 0.000981683 0 0 0 0.000981683)
body[7] = calcn_r (mass: 1.12028) (inertia: 0.00137436 0 0 0 0.00382856 0 0 0 0.0040249)
body[8] = toes_r (mass: 0.194123) (inertia: 9.81683e-005 0 0 0 0.000196337 0 0 0 0.000981683)
body[9] = femur_l (mass: 8.33616) (inertia: 0.144414 0 0 0 0.037856 0 0 0 0.152287)
body[10] = tibia_l (mass: 3.32276) (inertia: 0.0522518 0 0 0 0.00528739 0 0 0 0.0529775)
body[11] = patella_l (mass: 0.0896227) (inertia: 0.00107852 0 0 0 0.00107852 0 0 0 0.00107852)
body[12] = talus_l (mass: 0.0896227) (inertia: 0.000903024 0 0 0 0.000903024 0 0 0 0.000903024)
body[13] = calcn_l (mass: 1.12028) (inertia: 0.00126423 0 0 0 0.00352179 0 0 0 0.0037024)
body[14] = toes_l (mass: 0.194123) (inertia: 9.03024e-005 0 0 0 0.000180605 0 0 0 0.000903024)
body[15] = torso (mass: 24.0427) (inertia: 1.37969 0 0 0 0.710318 0 0 0 1.37969)
body[16] = humerus_r (mass: 1.82158) (inertia: 0.0127722 0 0 0 0.004406 0 0 0 0.0143363)
body[17] = ulna_r (mass: 0.544458) (inertia: 0.00316685 0 0 0 0.00066074 0 0 0 0.0034352)
body[18] = radius_r (mass: 0.544458) (inertia: 0.00316685 0 0 0 0.00066074 0 0 0 0.0034352)
body[19] = hand_r (mass: 0.410024) (inertia: 0.000953689 0 0 0 0.000584829 0 0 0 0.00143267)
body[20] = humerus_l (mass: 1.82158) (inertia: 0.012884 0 0 0 0.00444458 0 0 0 0.0144619)
body[21] = ulna_l (mass: 0.544458) (inertia: 0.00319457 0 0 0 0.000666525 0 0 0 0.00346528)
body[22] = radius_l (mass: 0.544458) (inertia: 0.00319457 0 0 0 0.000666525 0 0 0 0.00346528)
body[23] = hand_l (mass: 0.410024) (inertia: 0.000962039 0 0 0 0.00058995 0 0 0 0.00144522)

ACTUATORS (49)
actuator[0] = glut_med1_r
actuator[1] = glut_med2_r
actuator[2] = glut_med3_r
actuator[3] = glut_min1_r
actuator[4] = glut_min2_r
actuator[5] = glut_min3_r
actuator[6] = semimem_r
actuator[7] = semiten_r
actuator[8] = bifemlh_r
actuator[9] = bifemsh_r
actuator[10] = sar_r
actuator[11] = add_long_r
actuator[12] = add_brev_r
actuator[13] = add_mag1_r
actuator[14] = add_mag2_r
actuator[15] = add_mag3_r
actuator[16] = tfl_r
actuator[17] = pect_r
actuator[18] = grac_r
actuator[19] = glut_max1_r
actuator[20] = glut_max2_r
actuator[21] = glut_max3_r
actuator[22] = iliacus_r
actuator[23] = psoas_r
actuator[24] = quad_fem_r
actuator[25] = gem_r
actuator[26] = peri_r
actuator[27] = rect_fem_r
actuator[28] = vas_med_r
actuator[29] = vas_int_r
actuator[30] = vas_lat_r
actuator[31] = med_gas_r
actuator[32] = lat_gas_r
actuator[33] = soleus_r
actuator[34] = tib_post_r
actuator[35] = flex_dig_r
actuator[36] = flex_hal_r
actuator[37] = tib_ant_r
actuator[38] = per_brev_r
actuator[39] = per_long_r
actuator[40] = per_tert_r
actuator[41] = ext_dig_r
actuator[42] = ext_hal_r
actuator[43] = ercspn_r
actuator[44] = ercspn_l
actuator[45] = intobl_r
actuator[46] = intobl_l
actuator[47] = extobl_r
actuator[48] = extobl_l
numStates = 185
numCoordinates = 43
numSpeeds = 43
numActuators = 49
numBodies = 24
numConstraints = 2
numProbes = 0

STATES (184)
y[0] = platform_rx
y[1] = platform_ry
y[2] = platform_rz
y[3] = platform_ty
y[4] = pelvis_tilt
y[5] = pelvis_list
y[6] = pelvis_rotation
y[7] = pelvis_tx
y[8] = pelvis_ty
y[9] = pelvis_tz
y[10] = hip_flexion_r
y[11] = hip_adduction_r
y[12] = hip_rotation_r
y[13] = knee_angle_r
y[14] = patella_r_constrained_knee_angle
y[15] = ankle_angle_r
y[16] = subtalar_angle_r
y[17] = mtp_angle_r
y[18] = hip_flexion_l
y[19] = hip_adduction_l
y[20] = hip_rotation_l
y[21] = knee_angle_l
y[22] = patella_l_constrained_knee_angle
y[23] = ankle_angle_l
y[24] = subtalar_angle_l
y[25] = mtp_angle_l
y[26] = lumbar_extension
y[27] = lumbar_bending
y[28] = lumbar_rotation
y[29] = arm_flex_r
y[30] = arm_add_r
y[31] = arm_rot_r
y[32] = elbow_flex_r
y[33] = pro_sup_r
y[34] = wrist_flex_r
y[35] = wrist_dev_r
y[36] = arm_flex_l
y[37] = arm_add_l
y[38] = arm_rot_l
y[39] = elbow_flex_l
y[40] = pro_sup_l
y[41] = wrist_flex_l
y[42] = wrist_dev_l
y[43] = platform_rx_u
y[44] = platform_ry_u
y[45] = platform_rz_u
y[46] = platform_ty_u
y[47] = pelvis_tilt_u
y[48] = pelvis_list_u
y[49] = pelvis_rotation_u
y[50] = pelvis_tx_u
y[51] = pelvis_ty_u
y[52] = pelvis_tz_u
y[53] = hip_flexion_r_u
y[54] = hip_adduction_r_u
y[55] = hip_rotation_r_u
y[56] = knee_angle_r_u
y[57] = patella_r_constrained_knee_angle_u
y[58] = ankle_angle_r_u
y[59] = subtalar_angle_r_u
y[60] = mtp_angle_r_u
y[61] = hip_flexion_l_u
y[62] = hip_adduction_l_u
y[63] = hip_rotation_l_u
y[64] = knee_angle_l_u
y[65] = patella_l_constrained_knee_angle_u
y[66] = ankle_angle_l_u
y[67] = subtalar_angle_l_u
y[68] = mtp_angle_l_u
y[69] = lumbar_extension_u
y[70] = lumbar_bending_u
y[71] = lumbar_rotation_u
y[72] = arm_flex_r_u
y[73] = arm_add_r_u
y[74] = arm_rot_r_u
y[75] = elbow_flex_r_u
y[76] = pro_sup_r_u
y[77] = wrist_flex_r_u
y[78] = wrist_dev_r_u
y[79] = arm_flex_l_u
y[80] = arm_add_l_u
y[81] = arm_rot_l_u
y[82] = elbow_flex_l_u
y[83] = pro_sup_l_u
y[84] = wrist_flex_l_u
y[85] = wrist_dev_l_u
y[86] = glut_med1_r.activation
y[87] = glut_med1_r.fiber_length
y[88] = glut_med2_r.activation
y[89] = glut_med2_r.fiber_length
y[90] = glut_med3_r.activation
y[91] = glut_med3_r.fiber_length
y[92] = glut_min1_r.activation
y[93] = glut_min1_r.fiber_length
y[94] = glut_min2_r.activation
y[95] = glut_min2_r.fiber_length
y[96] = glut_min3_r.activation
y[97] = glut_min3_r.fiber_length
y[98] = semimem_r.activation
y[99] = semimem_r.fiber_length
y[100] = semiten_r.activation
y[101] = semiten_r.fiber_length
y[102] = bifemlh_r.activation
y[103] = bifemlh_r.fiber_length
y[104] = bifemsh_r.activation
y[105] = bifemsh_r.fiber_length
y[106] = sar_r.activation
y[107] = sar_r.fiber_length
y[108] = add_long_r.activation
y[109] = add_long_r.fiber_length
y[110] = add_brev_r.activation
y[111] = add_brev_r.fiber_length
y[112] = add_mag1_r.activation
y[113] = add_mag1_r.fiber_length
y[114] = add_mag2_r.activation
y[115] = add_mag2_r.fiber_length
y[116] = add_mag3_r.activation
y[117] = add_mag3_r.fiber_length
y[118] = tfl_r.activation
y[119] = tfl_r.fiber_length
y[120] = pect_r.activation
y[121] = pect_r.fiber_length
y[122] = grac_r.activation
y[123] = grac_r.fiber_length
y[124] = glut_max1_r.activation
y[125] = glut_max1_r.fiber_length
y[126] = glut_max2_r.activation
y[127] = glut_max2_r.fiber_length
y[128] = glut_max3_r.activation
y[129] = glut_max3_r.fiber_length
y[130] = iliacus_r.activation
y[131] = iliacus_r.fiber_length
y[132] = psoas_r.activation
y[133] = psoas_r.fiber_length
y[134] = quad_fem_r.activation
y[135] = quad_fem_r.fiber_length
y[136] = gem_r.activation
y[137] = gem_r.fiber_length
y[138] = peri_r.activation
y[139] = peri_r.fiber_length
y[140] = rect_fem_r.activation
y[141] = rect_fem_r.fiber_length
y[142] = vas_med_r.activation
y[143] = vas_med_r.fiber_length
y[144] = vas_int_r.activation
y[145] = vas_int_r.fiber_length
y[146] = vas_lat_r.activation
y[147] = vas_lat_r.fiber_length
y[148] = med_gas_r.activation
y[149] = med_gas_r.fiber_length
y[150] = lat_gas_r.activation
y[151] = lat_gas_r.fiber_length
y[152] = soleus_r.activation
y[153] = soleus_r.fiber_length
y[154] = tib_post_r.activation
y[155] = tib_post_r.fiber_length
y[156] = flex_dig_r.activation
y[157] = flex_dig_r.fiber_length
y[158] = flex_hal_r.activation
y[159] = flex_hal_r.fiber_length
y[160] = tib_ant_r.activation
y[161] = tib_ant_r.fiber_length
y[162] = per_brev_r.activation
y[163] = per_brev_r.fiber_length
y[164] = per_long_r.activation
y[165] = per_long_r.fiber_length
y[166] = per_tert_r.activation
y[167] = per_tert_r.fiber_length
y[168] = ext_dig_r.activation
y[169] = ext_dig_r.fiber_length
y[170] = ext_hal_r.activation
y[171] = ext_hal_r.fiber_length
y[172] = ercspn_r.activation
y[173] = ercspn_r.fiber_length
y[174] = ercspn_l.activation
y[175] = ercspn_l.fiber_length
y[176] = intobl_r.activation
y[177] = intobl_r.fiber_length
y[178] = intobl_l.activation
y[179] = intobl_l.fiber_length
y[180] = extobl_r.activation
y[181] = extobl_r.fiber_length
y[182] = extobl_l.activation
y[183] = extobl_l.fiber_length


Integrating from 0 to 0.15
Printing results of investigation osim to C:\Users\EACE-Precision-1\Google Drive\WORK\PROJECTS\AnkleSprains\code\git\anklesprain\osim_output.
Storage: file=C:\nessus\ankle-sprain\MCv30c\setup\initialState_nominalLevelGround_WithMusc.sto (nr=1 nc=185)
Loaded model DeMers_Nominal from file C:\nessus\ankle-sprain\MCv30c\setup\DeMers_nominal_coact_reflex_brace_v2.osim
Running tool nessus.
No external loads will be applied (external loads file not specified).

Loading states from file C:\nessus\ankle-sprain\MCv30c\F\000000\osim_output\nessus_initialState.sto.
Storage: file=C:\nessus\ankle-sprain\MCv30c\F\000000\osim_output\nessus_initialState.sto (nr=1 nc=185)
Found 1 state vectors with time stamps ranging
from 0 to 0.
MODEL: DeMers_Nominal

ANALYSES (5)
analysis[0] = ForceReporter
analysis[1] = Kinematics
analysis[2] = Actuation
analysis[3] = JointReaction
analysis[4] = BodyKinematics

BODIES (24)
body[0] = ground (mass: 0) (inertia: 0 0 0 0 0 0 0 0 0)
body[1] = platform (mass: 0.896227) (inertia: 0.896227 0 0 0 0.896227 0 0 0 0.896227)
body[2] = pelvis (mass: 10.5549) (inertia: 0.0902723 0 0 0 0.0764856 0 0 0 0.050844)
body[3] = femur_r (mass: 8.33616) (inertia: 0.14316 0 0 0 0.0375274 0 0 0 0.150965)
body[4] = tibia_r (mass: 3.32276) (inertia: 0.0527534 0 0 0 0.00533814 0 0 0 0.053486)
body[5] = patella_r (mass: 0.0896227) (inertia: 0.00106916 0 0 0 0.00106916 0 0 0 0.00106916)
body[6] = talus_r (mass: 0.0896227) (inertia: 0.000981683 0 0 0 0.000981683 0 0 0 0.000981683)
body[7] = calcn_r (mass: 1.12028) (inertia: 0.00137436 0 0 0 0.00382856 0 0 0 0.0040249)
body[8] = toes_r (mass: 0.194123) (inertia: 9.81683e-005 0 0 0 0.000196337 0 0 0 0.000981683)
body[9] = femur_l (mass: 8.33616) (inertia: 0.144414 0 0 0 0.037856 0 0 0 0.152287)
body[10] = tibia_l (mass: 3.32276) (inertia: 0.0522518 0 0 0 0.00528739 0 0 0 0.0529775)
body[11] = patella_l (mass: 0.0896227) (inertia: 0.00107852 0 0 0 0.00107852 0 0 0 0.00107852)
body[12] = talus_l (mass: 0.0896227) (inertia: 0.000903024 0 0 0 0.000903024 0 0 0 0.000903024)
body[13] = calcn_l (mass: 1.12028) (inertia: 0.00126423 0 0 0 0.00352179 0 0 0 0.0037024)
body[14] = toes_l (mass: 0.194123) (inertia: 9.03024e-005 0 0 0 0.000180605 0 0 0 0.000903024)
body[15] = torso (mass: 24.0427) (inertia: 1.37969 0 0 0 0.710318 0 0 0 1.37969)
body[16] = humerus_r (mass: 1.82158) (inertia: 0.0127722 0 0 0 0.004406 0 0 0 0.0143363)
body[17] = ulna_r (mass: 0.544458) (inertia: 0.00316685 0 0 0 0.00066074 0 0 0 0.0034352)
body[18] = radius_r (mass: 0.544458) (inertia: 0.00316685 0 0 0 0.00066074 0 0 0 0.0034352)
body[19] = hand_r (mass: 0.410024) (inertia: 0.000953689 0 0 0 0.000584829 0 0 0 0.00143267)
body[20] = humerus_l (mass: 1.82158) (inertia: 0.012884 0 0 0 0.00444458 0 0 0 0.0144619)
body[21] = ulna_l (mass: 0.544458) (inertia: 0.00319457 0 0 0 0.000666525 0 0 0 0.00346528)
body[22] = radius_l (mass: 0.544458) (inertia: 0.00319457 0 0 0 0.000666525 0 0 0 0.00346528)
body[23] = hand_l (mass: 0.410024) (inertia: 0.000962039 0 0 0 0.00058995 0 0 0 0.00144522)

ACTUATORS (49)
actuator[0] = glut_med1_r
actuator[1] = glut_med2_r
actuator[2] = glut_med3_r
actuator[3] = glut_min1_r
actuator[4] = glut_min2_r
actuator[5] = glut_min3_r
actuator[6] = semimem_r
actuator[7] = semiten_r
actuator[8] = bifemlh_r
actuator[9] = bifemsh_r
actuator[10] = sar_r
actuator[11] = add_long_r
actuator[12] = add_brev_r
actuator[13] = add_mag1_r
actuator[14] = add_mag2_r
actuator[15] = add_mag3_r
actuator[16] = tfl_r
actuator[17] = pect_r
actuator[18] = grac_r
actuator[19] = glut_max1_r
actuator[20] = glut_max2_r
actuator[21] = glut_max3_r
actuator[22] = iliacus_r
actuator[23] = psoas_r
actuator[24] = quad_fem_r
actuator[25] = gem_r
actuator[26] = peri_r
actuator[27] = rect_fem_r
actuator[28] = vas_med_r
actuator[29] = vas_int_r
actuator[30] = vas_lat_r
actuator[31] = med_gas_r
actuator[32] = lat_gas_r
actuator[33] = soleus_r
actuator[34] = tib_post_r
actuator[35] = flex_dig_r
actuator[36] = flex_hal_r
actuator[37] = tib_ant_r
actuator[38] = per_brev_r
actuator[39] = per_long_r
actuator[40] = per_tert_r
actuator[41] = ext_dig_r
actuator[42] = ext_hal_r
actuator[43] = ercspn_r
actuator[44] = ercspn_l
actuator[45] = intobl_r
actuator[46] = intobl_l
actuator[47] = extobl_r
actuator[48] = extobl_l
numStates = 185
numCoordinates = 43
numSpeeds = 43
numActuators = 49
numBodies = 24
numConstraints = 2
numProbes = 0

STATES (184)
y[0] = platform_rx
y[1] = platform_ry
y[2] = platform_rz
y[3] = platform_ty
y[4] = pelvis_tilt
y[5] = pelvis_list
y[6] = pelvis_rotation
y[7] = pelvis_tx
y[8] = pelvis_ty
y[9] = pelvis_tz
y[10] = hip_flexion_r
y[11] = hip_adduction_r
y[12] = hip_rotation_r
y[13] = knee_angle_r
y[14] = patella_r_constrained_knee_angle
y[15] = ankle_angle_r
y[16] = subtalar_angle_r
y[17] = mtp_angle_r
y[18] = hip_flexion_l
y[19] = hip_adduction_l
y[20] = hip_rotation_l
y[21] = knee_angle_l
y[22] = patella_l_constrained_knee_angle
y[23] = ankle_angle_l
y[24] = subtalar_angle_l
y[25] = mtp_angle_l
y[26] = lumbar_extension
y[27] = lumbar_bending
y[28] = lumbar_rotation
y[29] = arm_flex_r
y[30] = arm_add_r
y[31] = arm_rot_r
y[32] = elbow_flex_r
y[33] = pro_sup_r
y[34] = wrist_flex_r
y[35] = wrist_dev_r
y[36] = arm_flex_l
y[37] = arm_add_l
y[38] = arm_rot_l
y[39] = elbow_flex_l
y[40] = pro_sup_l
y[41] = wrist_flex_l
y[42] = wrist_dev_l
y[43] = platform_rx_u
y[44] = platform_ry_u
y[45] = platform_rz_u
y[46] = platform_ty_u
y[47] = pelvis_tilt_u
y[48] = pelvis_list_u
y[49] = pelvis_rotation_u
y[50] = pelvis_tx_u
y[51] = pelvis_ty_u
y[52] = pelvis_tz_u
y[53] = hip_flexion_r_u
y[54] = hip_adduction_r_u
y[55] = hip_rotation_r_u
y[56] = knee_angle_r_u
y[57] = patella_r_constrained_knee_angle_u
y[58] = ankle_angle_r_u
y[59] = subtalar_angle_r_u
y[60] = mtp_angle_r_u
y[61] = hip_flexion_l_u
y[62] = hip_adduction_l_u
y[63] = hip_rotation_l_u
y[64] = knee_angle_l_u
y[65] = patella_l_constrained_knee_angle_u
y[66] = ankle_angle_l_u
y[67] = subtalar_angle_l_u
y[68] = mtp_angle_l_u
y[69] = lumbar_extension_u
y[70] = lumbar_bending_u
y[71] = lumbar_rotation_u
y[72] = arm_flex_r_u
y[73] = arm_add_r_u
y[74] = arm_rot_r_u
y[75] = elbow_flex_r_u
y[76] = pro_sup_r_u
y[77] = wrist_flex_r_u
y[78] = wrist_dev_r_u
y[79] = arm_flex_l_u
y[80] = arm_add_l_u
y[81] = arm_rot_l_u
y[82] = elbow_flex_l_u
y[83] = pro_sup_l_u
y[84] = wrist_flex_l_u
y[85] = wrist_dev_l_u
y[86] = glut_med1_r.activation
y[87] = glut_med1_r.fiber_length
y[88] = glut_med2_r.activation
y[89] = glut_med2_r.fiber_length
y[90] = glut_med3_r.activation
y[91] = glut_med3_r.fiber_length
y[92] = glut_min1_r.activation
y[93] = glut_min1_r.fiber_length
y[94] = glut_min2_r.activation
y[95] = glut_min2_r.fiber_length
y[96] = glut_min3_r.activation
y[97] = glut_min3_r.fiber_length
y[98] = semimem_r.activation
y[99] = semimem_r.fiber_length
y[100] = semiten_r.activation
y[101] = semiten_r.fiber_length
y[102] = bifemlh_r.activation
y[103] = bifemlh_r.fiber_length
y[104] = bifemsh_r.activation
y[105] = bifemsh_r.fiber_length
y[106] = sar_r.activation
y[107] = sar_r.fiber_length
y[108] = add_long_r.activation
y[109] = add_long_r.fiber_length
y[110] = add_brev_r.activation
y[111] = add_brev_r.fiber_length
y[112] = add_mag1_r.activation
y[113] = add_mag1_r.fiber_length
y[114] = add_mag2_r.activation
y[115] = add_mag2_r.fiber_length
y[116] = add_mag3_r.activation
y[117] = add_mag3_r.fiber_length
y[118] = tfl_r.activation
y[119] = tfl_r.fiber_length
y[120] = pect_r.activation
y[121] = pect_r.fiber_length
y[122] = grac_r.activation
y[123] = grac_r.fiber_length
y[124] = glut_max1_r.activation
y[125] = glut_max1_r.fiber_length
y[126] = glut_max2_r.activation
y[127] = glut_max2_r.fiber_length
y[128] = glut_max3_r.activation
y[129] = glut_max3_r.fiber_length
y[130] = iliacus_r.activation
y[131] = iliacus_r.fiber_length
y[132] = psoas_r.activation
y[133] = psoas_r.fiber_length
y[134] = quad_fem_r.activation
y[135] = quad_fem_r.fiber_length
y[136] = gem_r.activation
y[137] = gem_r.fiber_length
y[138] = peri_r.activation
y[139] = peri_r.fiber_length
y[140] = rect_fem_r.activation
y[141] = rect_fem_r.fiber_length
y[142] = vas_med_r.activation
y[143] = vas_med_r.fiber_length
y[144] = vas_int_r.activation
y[145] = vas_int_r.fiber_length
y[146] = vas_lat_r.activation
y[147] = vas_lat_r.fiber_length
y[148] = med_gas_r.activation
y[149] = med_gas_r.fiber_length
y[150] = lat_gas_r.activation
y[151] = lat_gas_r.fiber_length
y[152] = soleus_r.activation
y[153] = soleus_r.fiber_length
y[154] = tib_post_r.activation
y[155] = tib_post_r.fiber_length
y[156] = flex_dig_r.activation
y[157] = flex_dig_r.fiber_length
y[158] = flex_hal_r.activation
y[159] = flex_hal_r.fiber_length
y[160] = tib_ant_r.activation
y[161] = tib_ant_r.fiber_length
y[162] = per_brev_r.activation
y[163] = per_brev_r.fiber_length
y[164] = per_long_r.activation
y[165] = per_long_r.fiber_length
y[166] = per_tert_r.activation
y[167] = per_tert_r.fiber_length
y[168] = ext_dig_r.activation
y[169] = ext_dig_r.fiber_length
y[170] = ext_hal_r.activation
y[171] = ext_hal_r.fiber_length
y[172] = ercspn_r.activation
y[173] = ercspn_r.fiber_length
y[174] = ercspn_l.activation
y[175] = ercspn_l.fiber_length
y[176] = intobl_r.activation
y[177] = intobl_r.fiber_length
y[178] = intobl_l.activation
y[179] = intobl_l.fiber_length
y[180] = extobl_r.activation
y[181] = extobl_r.fiber_length
y[182] = extobl_l.activation
y[183] = extobl_l.fiber_length


Integrating from 0 to 0.15
Printing results of investigation nessus to C:\nessus\ankle-sprain\MCv30c\F\000000\osim_output.
